Performing C++ SOURCE FILE Test COMPILER_SUPPORT_Wshorten64to32 failed with the following output:
Change Dir: /home/victor/libs/PCL/PCL-src/Android/apps/android/android_dependencies/android-cmake/common-libs/eigen/eigen-android/build/CMakeFiles/CMakeTmp

Run Build Command:"/usr/bin/make" "cmTryCompileExec2804098380/fast"
/usr/bin/make -f CMakeFiles/cmTryCompileExec2804098380.dir/build.make CMakeFiles/cmTryCompileExec2804098380.dir/build
make[1]: Entering directory `/home/victor/libs/PCL/PCL-src/Android/apps/android/android_dependencies/android-cmake/common-libs/eigen/eigen-android/build/CMakeFiles/CMakeTmp'
/usr/bin/cmake -E cmake_progress_report /home/victor/libs/PCL/PCL-src/Android/apps/android/android_dependencies/android-cmake/common-libs/eigen/eigen-android/build/CMakeFiles/CMakeTmp/CMakeFiles 1
Building CXX object CMakeFiles/cmTryCompileExec2804098380.dir/src.cxx.o
/usr/bin/c++    -pedantic -Wall -Wextra -Wundef -Wcast-align -Wchar-subscripts -Wnon-virtual-dtor -Wunused-local-typedefs -Wpointer-arith -Wwrite-strings -Wformat-security -DCOMPILER_SUPPORT_Wshorten64to32 -Werror   -Wshorten-64-to-32 -o CMakeFiles/cmTryCompileExec2804098380.dir/src.cxx.o -c /home/victor/libs/PCL/PCL-src/Android/apps/android/android_dependencies/android-cmake/common-libs/eigen/eigen-android/build/CMakeFiles/CMakeTmp/src.cxx
c++: error: unrecognized command line option '-Wshorten-64-to-32'
make[1]: *** [CMakeFiles/cmTryCompileExec2804098380.dir/src.cxx.o] Error 1
make[1]: Leaving directory `/home/victor/libs/PCL/PCL-src/Android/apps/android/android_dependencies/android-cmake/common-libs/eigen/eigen-android/build/CMakeFiles/CMakeTmp'
make: *** [cmTryCompileExec2804098380/fast] Error 2

Source file was:
int main() { return 0; }
Performing C++ SOURCE FILE Test COMPILER_SUPPORT_Wenumconversion failed with the following output:
Change Dir: /home/victor/libs/PCL/PCL-src/Android/apps/android/android_dependencies/android-cmake/common-libs/eigen/eigen-android/build/CMakeFiles/CMakeTmp

Run Build Command:"/usr/bin/make" "cmTryCompileExec2584203029/fast"
/usr/bin/make -f CMakeFiles/cmTryCompileExec2584203029.dir/build.make CMakeFiles/cmTryCompileExec2584203029.dir/build
make[1]: Entering directory `/home/victor/libs/PCL/PCL-src/Android/apps/android/android_dependencies/android-cmake/common-libs/eigen/eigen-android/build/CMakeFiles/CMakeTmp'
/usr/bin/cmake -E cmake_progress_report /home/victor/libs/PCL/PCL-src/Android/apps/android/android_dependencies/android-cmake/common-libs/eigen/eigen-android/build/CMakeFiles/CMakeTmp/CMakeFiles 1
Building CXX object CMakeFiles/cmTryCompileExec2584203029.dir/src.cxx.o
/usr/bin/c++    -pedantic -Wall -Wextra -Wundef -Wcast-align -Wchar-subscripts -Wnon-virtual-dtor -Wunused-local-typedefs -Wpointer-arith -Wwrite-strings -Wformat-security -DCOMPILER_SUPPORT_Wenumconversion -Werror   -Wenum-conversion -o CMakeFiles/cmTryCompileExec2584203029.dir/src.cxx.o -c /home/victor/libs/PCL/PCL-src/Android/apps/android/android_dependencies/android-cmake/common-libs/eigen/eigen-android/build/CMakeFiles/CMakeTmp/src.cxx
c++: error: unrecognized command line option '-Wenum-conversion'
make[1]: *** [CMakeFiles/cmTryCompileExec2584203029.dir/src.cxx.o] Error 1
make[1]: Leaving directory `/home/victor/libs/PCL/PCL-src/Android/apps/android/android_dependencies/android-cmake/common-libs/eigen/eigen-android/build/CMakeFiles/CMakeTmp'
make: *** [cmTryCompileExec2584203029/fast] Error 2

Source file was:
int main() { return 0; }
Performing C++ SOURCE FILE Test COMPILER_SUPPORT_Wcpp11extensions failed with the following output:
Change Dir: /home/victor/libs/PCL/PCL-src/Android/apps/android/android_dependencies/android-cmake/common-libs/eigen/eigen-android/build/CMakeFiles/CMakeTmp

Run Build Command:"/usr/bin/make" "cmTryCompileExec2020389051/fast"
/usr/bin/make -f CMakeFiles/cmTryCompileExec2020389051.dir/build.make CMakeFiles/cmTryCompileExec2020389051.dir/build
make[1]: Entering directory `/home/victor/libs/PCL/PCL-src/Android/apps/android/android_dependencies/android-cmake/common-libs/eigen/eigen-android/build/CMakeFiles/CMakeTmp'
/usr/bin/cmake -E cmake_progress_report /home/victor/libs/PCL/PCL-src/Android/apps/android/android_dependencies/android-cmake/common-libs/eigen/eigen-android/build/CMakeFiles/CMakeTmp/CMakeFiles 1
Building CXX object CMakeFiles/cmTryCompileExec2020389051.dir/src.cxx.o
/usr/bin/c++    -pedantic -Wall -Wextra -Wundef -Wcast-align -Wchar-subscripts -Wnon-virtual-dtor -Wunused-local-typedefs -Wpointer-arith -Wwrite-strings -Wformat-security -DCOMPILER_SUPPORT_Wcpp11extensions -Werror   -Wc++11-extensions -o CMakeFiles/cmTryCompileExec2020389051.dir/src.cxx.o -c /home/victor/libs/PCL/PCL-src/Android/apps/android/android_dependencies/android-cmake/common-libs/eigen/eigen-android/build/CMakeFiles/CMakeTmp/src.cxx
c++: error: unrecognized command line option '-Wc++11-extensions'
make[1]: Leaving directory `/home/victor/libs/PCL/PCL-src/Android/apps/android/android_dependencies/android-cmake/common-libs/eigen/eigen-android/build/CMakeFiles/CMakeTmp'
make[1]: *** [CMakeFiles/cmTryCompileExec2020389051.dir/src.cxx.o] Error 1
make: *** [cmTryCompileExec2020389051/fast] Error 2

Source file was:
int main() { return 0; }
Performing C++ SOURCE FILE Test COMPILER_SUPPORT_wd981 failed with the following output:
Change Dir: /home/victor/libs/PCL/PCL-src/Android/apps/android/android_dependencies/android-cmake/common-libs/eigen/eigen-android/build/CMakeFiles/CMakeTmp

Run Build Command:"/usr/bin/make" "cmTryCompileExec2977399362/fast"
/usr/bin/make -f CMakeFiles/cmTryCompileExec2977399362.dir/build.make CMakeFiles/cmTryCompileExec2977399362.dir/build
make[1]: Entering directory `/home/victor/libs/PCL/PCL-src/Android/apps/android/android_dependencies/android-cmake/common-libs/eigen/eigen-android/build/CMakeFiles/CMakeTmp'
/usr/bin/cmake -E cmake_progress_report /home/victor/libs/PCL/PCL-src/Android/apps/android/android_dependencies/android-cmake/common-libs/eigen/eigen-android/build/CMakeFiles/CMakeTmp/CMakeFiles 1
Building CXX object CMakeFiles/cmTryCompileExec2977399362.dir/src.cxx.o
/usr/bin/c++    -pedantic -Wall -Wextra -Wundef -Wcast-align -Wchar-subscripts -Wnon-virtual-dtor -Wunused-local-typedefs -Wpointer-arith -Wwrite-strings -Wformat-security -Wno-psabi -Wno-variadic-macros -Wno-long-long -fno-check-new -fno-common -fstrict-aliasing -DCOMPILER_SUPPORT_wd981 -Werror   -wd981 -o CMakeFiles/cmTryCompileExec2977399362.dir/src.cxx.o -c /home/victor/libs/PCL/PCL-src/Android/apps/android/android_dependencies/android-cmake/common-libs/eigen/eigen-android/build/CMakeFiles/CMakeTmp/src.cxx
c++: error: unrecognized command line option '-wd981'
make[1]: *** [CMakeFiles/cmTryCompileExec2977399362.dir/src.cxx.o] Error 1
make[1]: Leaving directory `/home/victor/libs/PCL/PCL-src/Android/apps/android/android_dependencies/android-cmake/common-libs/eigen/eigen-android/build/CMakeFiles/CMakeTmp'
make: *** [cmTryCompileExec2977399362/fast] Error 2

Source file was:
int main() { return 0; }
Performing C++ SOURCE FILE Test COMPILER_SUPPORT_wd2304 failed with the following output:
Change Dir: /home/victor/libs/PCL/PCL-src/Android/apps/android/android_dependencies/android-cmake/common-libs/eigen/eigen-android/build/CMakeFiles/CMakeTmp

Run Build Command:"/usr/bin/make" "cmTryCompileExec1239666095/fast"
/usr/bin/make -f CMakeFiles/cmTryCompileExec1239666095.dir/build.make CMakeFiles/cmTryCompileExec1239666095.dir/build
make[1]: Entering directory `/home/victor/libs/PCL/PCL-src/Android/apps/android/android_dependencies/android-cmake/common-libs/eigen/eigen-android/build/CMakeFiles/CMakeTmp'
/usr/bin/cmake -E cmake_progress_report /home/victor/libs/PCL/PCL-src/Android/apps/android/android_dependencies/android-cmake/common-libs/eigen/eigen-android/build/CMakeFiles/CMakeTmp/CMakeFiles 1
Building CXX object CMakeFiles/cmTryCompileExec1239666095.dir/src.cxx.o
/usr/bin/c++    -pedantic -Wall -Wextra -Wundef -Wcast-align -Wchar-subscripts -Wnon-virtual-dtor -Wunused-local-typedefs -Wpointer-arith -Wwrite-strings -Wformat-security -Wno-psabi -Wno-variadic-macros -Wno-long-long -fno-check-new -fno-common -fstrict-aliasing -DCOMPILER_SUPPORT_wd2304 -Werror   -wd2304 -o CMakeFiles/cmTryCompileExec1239666095.dir/src.cxx.o -c /home/victor/libs/PCL/PCL-src/Android/apps/android/android_dependencies/android-cmake/common-libs/eigen/eigen-android/build/CMakeFiles/CMakeTmp/src.cxx
c++: error: unrecognized command line option '-wd2304'
make[1]: Leaving directory `/home/victor/libs/PCL/PCL-src/Android/apps/android/android_dependencies/android-cmake/common-libs/eigen/eigen-android/build/CMakeFiles/CMakeTmp'
make[1]: *** [CMakeFiles/cmTryCompileExec1239666095.dir/src.cxx.o] Error 1
make: *** [cmTryCompileExec1239666095/fast] Error 2

Source file was:
int main() { return 0; }
Performing C++ SOURCE FILE Test COMPILER_SUPPORT_STRICTANSI failed with the following output:
Change Dir: /home/victor/libs/PCL/PCL-src/Android/apps/android/android_dependencies/android-cmake/common-libs/eigen/eigen-android/build/CMakeFiles/CMakeTmp

Run Build Command:"/usr/bin/make" "cmTryCompileExec3792418734/fast"
/usr/bin/make -f CMakeFiles/cmTryCompileExec3792418734.dir/build.make CMakeFiles/cmTryCompileExec3792418734.dir/build
make[1]: Entering directory `/home/victor/libs/PCL/PCL-src/Android/apps/android/android_dependencies/android-cmake/common-libs/eigen/eigen-android/build/CMakeFiles/CMakeTmp'
/usr/bin/cmake -E cmake_progress_report /home/victor/libs/PCL/PCL-src/Android/apps/android/android_dependencies/android-cmake/common-libs/eigen/eigen-android/build/CMakeFiles/CMakeTmp/CMakeFiles 1
Building CXX object CMakeFiles/cmTryCompileExec3792418734.dir/src.cxx.o
/usr/bin/c++    -pedantic -Wall -Wextra -Wundef -Wcast-align -Wchar-subscripts -Wnon-virtual-dtor -Wunused-local-typedefs -Wpointer-arith -Wwrite-strings -Wformat-security -Wno-psabi -Wno-variadic-macros -Wno-long-long -fno-check-new -fno-common -fstrict-aliasing -DCOMPILER_SUPPORT_STRICTANSI -Werror   -strict-ansi -o CMakeFiles/cmTryCompileExec3792418734.dir/src.cxx.o -c /home/victor/libs/PCL/PCL-src/Android/apps/android/android_dependencies/android-cmake/common-libs/eigen/eigen-android/build/CMakeFiles/CMakeTmp/src.cxx
c++: error: unrecognized command line option '-strict-ansi'
make[1]: *** [CMakeFiles/cmTryCompileExec3792418734.dir/src.cxx.o] Error 1
make[1]: Leaving directory `/home/victor/libs/PCL/PCL-src/Android/apps/android/android_dependencies/android-cmake/common-libs/eigen/eigen-android/build/CMakeFiles/CMakeTmp'
make: *** [cmTryCompileExec3792418734/fast] Error 2

Source file was:
int main() { return 0; }
Performing C++ SOURCE FILE Test COMPILER_SUPPORT_Qunusedarguments failed with the following output:
Change Dir: /home/victor/libs/PCL/PCL-src/Android/apps/android/android_dependencies/android-cmake/common-libs/eigen/eigen-android/build/CMakeFiles/CMakeTmp

Run Build Command:"/usr/bin/make" "cmTryCompileExec1363514184/fast"
/usr/bin/make -f CMakeFiles/cmTryCompileExec1363514184.dir/build.make CMakeFiles/cmTryCompileExec1363514184.dir/build
make[1]: Entering directory `/home/victor/libs/PCL/PCL-src/Android/apps/android/android_dependencies/android-cmake/common-libs/eigen/eigen-android/build/CMakeFiles/CMakeTmp'
/usr/bin/cmake -E cmake_progress_report /home/victor/libs/PCL/PCL-src/Android/apps/android/android_dependencies/android-cmake/common-libs/eigen/eigen-android/build/CMakeFiles/CMakeTmp/CMakeFiles 1
Building CXX object CMakeFiles/cmTryCompileExec1363514184.dir/src.cxx.o
/usr/bin/c++    -pedantic -Wall -Wextra -Wundef -Wcast-align -Wchar-subscripts -Wnon-virtual-dtor -Wunused-local-typedefs -Wpointer-arith -Wwrite-strings -Wformat-security -Wno-psabi -Wno-variadic-macros -Wno-long-long -fno-check-new -fno-common -fstrict-aliasing -DCOMPILER_SUPPORT_Qunusedarguments -Werror   -Qunused-arguments -o CMakeFiles/cmTryCompileExec1363514184.dir/src.cxx.o -c /home/victor/libs/PCL/PCL-src/Android/apps/android/android_dependencies/android-cmake/common-libs/eigen/eigen-android/build/CMakeFiles/CMakeTmp/src.cxx
c++: error: unrecognized command line option '-Qunused-arguments'
make[1]: Leaving directory `/home/victor/libs/PCL/PCL-src/Android/apps/android/android_dependencies/android-cmake/common-libs/eigen/eigen-android/build/CMakeFiles/CMakeTmp'
make[1]: *** [CMakeFiles/cmTryCompileExec1363514184.dir/src.cxx.o] Error 1
make: *** [cmTryCompileExec1363514184/fast] Error 2

Source file was:
int main() { return 0; }
Determining if the Q_WS_WIN exist failed with the following output:
Change Dir: /home/victor/libs/PCL/PCL-src/Android/apps/android/android_dependencies/android-cmake/common-libs/eigen/eigen-android/build/CMakeFiles/CMakeTmp

Run Build Command:"/usr/bin/make" "cmTryCompileExec1175452832/fast"
/usr/bin/make -f CMakeFiles/cmTryCompileExec1175452832.dir/build.make CMakeFiles/cmTryCompileExec1175452832.dir/build
make[1]: Entering directory `/home/victor/libs/PCL/PCL-src/Android/apps/android/android_dependencies/android-cmake/common-libs/eigen/eigen-android/build/CMakeFiles/CMakeTmp'
/usr/bin/cmake -E cmake_progress_report /home/victor/libs/PCL/PCL-src/Android/apps/android/android_dependencies/android-cmake/common-libs/eigen/eigen-android/build/CMakeFiles/CMakeTmp/CMakeFiles 1
Building CXX object CMakeFiles/cmTryCompileExec1175452832.dir/CheckSymbolExists.cxx.o
/usr/bin/c++    -pedantic -Wall -Wextra -Wundef -Wcast-align -Wchar-subscripts -Wnon-virtual-dtor -Wunused-local-typedefs -Wpointer-arith -Wwrite-strings -Wformat-security -Wno-psabi -Wno-variadic-macros -Wno-long-long -fno-check-new -fno-common -fstrict-aliasing -ansi -pie -fPIE -O1 -g1  -I/usr/include/qt4    -o CMakeFiles/cmTryCompileExec1175452832.dir/CheckSymbolExists.cxx.o -c /home/victor/libs/PCL/PCL-src/Android/apps/android/android_dependencies/android-cmake/common-libs/eigen/eigen-android/build/CMakeFiles/CMakeTmp/CheckSymbolExists.cxx
/home/victor/libs/PCL/PCL-src/Android/apps/android/android_dependencies/android-cmake/common-libs/eigen/eigen-android/build/CMakeFiles/CMakeTmp/CheckSymbolExists.cxx: In function ‘int main(int, char**)’:
/home/victor/libs/PCL/PCL-src/Android/apps/android/android_dependencies/android-cmake/common-libs/eigen/eigen-android/build/CMakeFiles/CMakeTmp/CheckSymbolExists.cxx:8:19: error: ‘Q_WS_WIN’ was not declared in this scope
   return ((int*)(&Q_WS_WIN))[argc];
                   ^
make[1]: *** [CMakeFiles/cmTryCompileExec1175452832.dir/CheckSymbolExists.cxx.o] Error 1
make[1]: Leaving directory `/home/victor/libs/PCL/PCL-src/Android/apps/android/android_dependencies/android-cmake/common-libs/eigen/eigen-android/build/CMakeFiles/CMakeTmp'
make: *** [cmTryCompileExec1175452832/fast] Error 2

File /home/victor/libs/PCL/PCL-src/Android/apps/android/android_dependencies/android-cmake/common-libs/eigen/eigen-android/build/CMakeFiles/CMakeTmp/CheckSymbolExists.cxx:
/* */
#include <QtCore/qglobal.h>

int main(int argc, char** argv)
{
  (void)argv;
#ifndef Q_WS_WIN
  return ((int*)(&Q_WS_WIN))[argc];
#else
  (void)argc;
  return 0;
#endif
}

Determining if the Q_WS_QWS exist failed with the following output:
Change Dir: /home/victor/libs/PCL/PCL-src/Android/apps/android/android_dependencies/android-cmake/common-libs/eigen/eigen-android/build/CMakeFiles/CMakeTmp

Run Build Command:"/usr/bin/make" "cmTryCompileExec3297279173/fast"
/usr/bin/make -f CMakeFiles/cmTryCompileExec3297279173.dir/build.make CMakeFiles/cmTryCompileExec3297279173.dir/build
make[1]: Entering directory `/home/victor/libs/PCL/PCL-src/Android/apps/android/android_dependencies/android-cmake/common-libs/eigen/eigen-android/build/CMakeFiles/CMakeTmp'
/usr/bin/cmake -E cmake_progress_report /home/victor/libs/PCL/PCL-src/Android/apps/android/android_dependencies/android-cmake/common-libs/eigen/eigen-android/build/CMakeFiles/CMakeTmp/CMakeFiles 1
Building CXX object CMakeFiles/cmTryCompileExec3297279173.dir/CheckSymbolExists.cxx.o
/usr/bin/c++    -pedantic -Wall -Wextra -Wundef -Wcast-align -Wchar-subscripts -Wnon-virtual-dtor -Wunused-local-typedefs -Wpointer-arith -Wwrite-strings -Wformat-security -Wno-psabi -Wno-variadic-macros -Wno-long-long -fno-check-new -fno-common -fstrict-aliasing -ansi -pie -fPIE -O1 -g1  -I/usr/include/qt4    -o CMakeFiles/cmTryCompileExec3297279173.dir/CheckSymbolExists.cxx.o -c /home/victor/libs/PCL/PCL-src/Android/apps/android/android_dependencies/android-cmake/common-libs/eigen/eigen-android/build/CMakeFiles/CMakeTmp/CheckSymbolExists.cxx
/home/victor/libs/PCL/PCL-src/Android/apps/android/android_dependencies/android-cmake/common-libs/eigen/eigen-android/build/CMakeFiles/CMakeTmp/CheckSymbolExists.cxx: In function ‘int main(int, char**)’:
/home/victor/libs/PCL/PCL-src/Android/apps/android/android_dependencies/android-cmake/common-libs/eigen/eigen-android/build/CMakeFiles/CMakeTmp/CheckSymbolExists.cxx:8:19: error: ‘Q_WS_QWS’ was not declared in this scope
   return ((int*)(&Q_WS_QWS))[argc];
                   ^
make[1]: *** [CMakeFiles/cmTryCompileExec3297279173.dir/CheckSymbolExists.cxx.o] Error 1
make[1]: Leaving directory `/home/victor/libs/PCL/PCL-src/Android/apps/android/android_dependencies/android-cmake/common-libs/eigen/eigen-android/build/CMakeFiles/CMakeTmp'
make: *** [cmTryCompileExec3297279173/fast] Error 2

File /home/victor/libs/PCL/PCL-src/Android/apps/android/android_dependencies/android-cmake/common-libs/eigen/eigen-android/build/CMakeFiles/CMakeTmp/CheckSymbolExists.cxx:
/* */
#include <QtCore/qglobal.h>

int main(int argc, char** argv)
{
  (void)argv;
#ifndef Q_WS_QWS
  return ((int*)(&Q_WS_QWS))[argc];
#else
  (void)argc;
  return 0;
#endif
}

Determining if the Q_WS_MAC exist failed with the following output:
Change Dir: /home/victor/libs/PCL/PCL-src/Android/apps/android/android_dependencies/android-cmake/common-libs/eigen/eigen-android/build/CMakeFiles/CMakeTmp

Run Build Command:"/usr/bin/make" "cmTryCompileExec1387320461/fast"
/usr/bin/make -f CMakeFiles/cmTryCompileExec1387320461.dir/build.make CMakeFiles/cmTryCompileExec1387320461.dir/build
make[1]: Entering directory `/home/victor/libs/PCL/PCL-src/Android/apps/android/android_dependencies/android-cmake/common-libs/eigen/eigen-android/build/CMakeFiles/CMakeTmp'
/usr/bin/cmake -E cmake_progress_report /home/victor/libs/PCL/PCL-src/Android/apps/android/android_dependencies/android-cmake/common-libs/eigen/eigen-android/build/CMakeFiles/CMakeTmp/CMakeFiles 1
Building CXX object CMakeFiles/cmTryCompileExec1387320461.dir/CheckSymbolExists.cxx.o
/usr/bin/c++    -pedantic -Wall -Wextra -Wundef -Wcast-align -Wchar-subscripts -Wnon-virtual-dtor -Wunused-local-typedefs -Wpointer-arith -Wwrite-strings -Wformat-security -Wno-psabi -Wno-variadic-macros -Wno-long-long -fno-check-new -fno-common -fstrict-aliasing -ansi -pie -fPIE -O1 -g1  -I/usr/include/qt4    -o CMakeFiles/cmTryCompileExec1387320461.dir/CheckSymbolExists.cxx.o -c /home/victor/libs/PCL/PCL-src/Android/apps/android/android_dependencies/android-cmake/common-libs/eigen/eigen-android/build/CMakeFiles/CMakeTmp/CheckSymbolExists.cxx
/home/victor/libs/PCL/PCL-src/Android/apps/android/android_dependencies/android-cmake/common-libs/eigen/eigen-android/build/CMakeFiles/CMakeTmp/CheckSymbolExists.cxx: In function ‘int main(int, char**)’:
/home/victor/libs/PCL/PCL-src/Android/apps/android/android_dependencies/android-cmake/common-libs/eigen/eigen-android/build/CMakeFiles/CMakeTmp/CheckSymbolExists.cxx:8:19: error: ‘Q_WS_MAC’ was not declared in this scope
   return ((int*)(&Q_WS_MAC))[argc];
                   ^
make[1]: *** [CMakeFiles/cmTryCompileExec1387320461.dir/CheckSymbolExists.cxx.o] Error 1
make[1]: Leaving directory `/home/victor/libs/PCL/PCL-src/Android/apps/android/android_dependencies/android-cmake/common-libs/eigen/eigen-android/build/CMakeFiles/CMakeTmp'
make: *** [cmTryCompileExec1387320461/fast] Error 2

File /home/victor/libs/PCL/PCL-src/Android/apps/android/android_dependencies/android-cmake/common-libs/eigen/eigen-android/build/CMakeFiles/CMakeTmp/CheckSymbolExists.cxx:
/* */
#include <QtCore/qglobal.h>

int main(int argc, char** argv)
{
  (void)argv;
#ifndef Q_WS_MAC
  return ((int*)(&Q_WS_MAC))[argc];
#else
  (void)argc;
  return 0;
#endif
}

Compiling the Fortran compiler identification source file "CMakeFortranCompilerId.F" failed.
Compiler: CMAKE_Fortran_COMPILER-NOTFOUND 
Build flags: 
Id flags: 

The output was:
No such file or directory


Compiling the Fortran compiler identification source file "CMakeFortranCompilerId.F" failed.
Compiler: CMAKE_Fortran_COMPILER-NOTFOUND 
Build flags: 
Id flags: -c

The output was:
No such file or directory


Compiling the Fortran compiler identification source file "CMakeFortranCompilerId.F" failed.
Compiler: CMAKE_Fortran_COMPILER-NOTFOUND 
Build flags: 
Id flags: -fpp

The output was:
No such file or directory


